<?xml version="1.0" encoding="UTF-8"?>
<testng-results ignored="6" total="10" passed="4" failed="0" skipped="0">
  <reporter-output>
    <line>
      <![CDATA[Browser window is maximized successfully]]>
    </line>
    <line>
      <![CDATA[Browser window is maximized successfully]]>
    </line>
    <line>
      <![CDATA[Browser window is maximized successfully]]>
    </line>
    <line>
      <![CDATA[Browser window is maximized successfully]]>
    </line>
  </reporter-output>
  <suite started-at="2022-11-30T23:04:14 IST" name="Suite" finished-at="2022-11-30T23:05:22 IST" duration-ms="68441">
    <groups>
    </groups>
    <test started-at="2022-11-30T23:04:14 IST" name="Test" finished-at="2022-11-30T23:05:22 IST" duration-ms="68441">
      <class name="test_Scripts.Ebay_signinTC">
        <test-method is-config="true" signature="browserSetup()[pri:0, instance:test_Scripts.Ebay_signinTC@3c7f66c4]" started-at="2022-11-30T23:05:08 IST" name="browserSetup" finished-at="2022-11-30T23:05:12 IST" duration-ms="4071" status="PASS">
          <reporter-output>
            <line>
              <![CDATA[Browser window is maximized successfully]]>
            </line>
          </reporter-output>
        </test-method> <!-- browserSetup -->
        <test-method signature="testScript3([Ljava.lang.String;)[pri:0, instance:test_Scripts.Ebay_signinTC@3c7f66c4]" started-at="2022-11-30T23:05:12 IST" name="testScript3" data-provider="testData" finished-at="2022-11-30T23:05:22 IST" duration-ms="10158" status="PASS">
          <params>
            <param index="0">
              <value>
                <![CDATA[[Ljava.lang.String;@610d28b8]]>
              </value>
            </param>
          </params>
          <reporter-output>
          </reporter-output>
        </test-method> <!-- testScript3 -->
        <test-method is-config="true" signature="CloseApp()[pri:0, instance:test_Scripts.Ebay_signinTC@3c7f66c4]" started-at="2022-11-30T23:05:22 IST" name="CloseApp" finished-at="2022-11-30T23:05:22 IST" duration-ms="0" status="PASS">
          <reporter-output>
          </reporter-output>
        </test-method> <!-- CloseApp -->
      </class> <!-- test_Scripts.Ebay_signinTC -->
      <class name="test_Scripts.Ebay_Register_Businessacc">
        <test-method is-config="true" signature="browserSetup()[pri:0, instance:test_Scripts.Ebay_Register_Businessacc@3a44431a]" started-at="2022-11-30T23:04:57 IST" name="browserSetup" finished-at="2022-11-30T23:05:01 IST" duration-ms="3979" status="PASS">
          <reporter-output>
            <line>
              <![CDATA[Browser window is maximized successfully]]>
            </line>
          </reporter-output>
        </test-method> <!-- browserSetup -->
        <test-method signature="testScript2([Ljava.lang.String;)[pri:0, instance:test_Scripts.Ebay_Register_Businessacc@3a44431a]" started-at="2022-11-30T23:05:01 IST" name="testScript2" data-provider="testData" finished-at="2022-11-30T23:05:08 IST" duration-ms="6897" status="PASS">
          <params>
            <param index="0">
              <value>
                <![CDATA[[Ljava.lang.String;@50a13c2f]]>
              </value>
            </param>
          </params>
          <reporter-output>
          </reporter-output>
        </test-method> <!-- testScript2 -->
        <test-method is-config="true" signature="CloseApp()[pri:0, instance:test_Scripts.Ebay_Register_Businessacc@3a44431a]" started-at="2022-11-30T23:05:08 IST" name="CloseApp" finished-at="2022-11-30T23:05:08 IST" duration-ms="0" status="PASS">
          <reporter-output>
          </reporter-output>
        </test-method> <!-- CloseApp -->
      </class> <!-- test_Scripts.Ebay_Register_Businessacc -->
      <class name="test_Scripts.SigninWith_FB">
        <test-method is-config="true" signature="browserSetup()[pri:0, instance:test_Scripts.SigninWith_FB@2ea41516]" started-at="2022-11-30T23:04:23 IST" name="browserSetup" finished-at="2022-11-30T23:04:27 IST" duration-ms="3866" status="PASS">
          <reporter-output>
            <line>
              <![CDATA[Browser window is maximized successfully]]>
            </line>
          </reporter-output>
        </test-method> <!-- browserSetup -->
        <test-method signature="testScript4([Ljava.lang.String;)[pri:0, instance:test_Scripts.SigninWith_FB@2ea41516]" started-at="2022-11-30T23:04:27 IST" name="testScript4" data-provider="testData" finished-at="2022-11-30T23:04:57 IST" duration-ms="30022" status="PASS">
          <params>
            <param index="0">
              <value>
                <![CDATA[[Ljava.lang.String;@6dd36ab6]]>
              </value>
            </param>
          </params>
          <reporter-output>
          </reporter-output>
        </test-method> <!-- testScript4 -->
        <test-method is-config="true" signature="CloseApp()[pri:0, instance:test_Scripts.SigninWith_FB@2ea41516]" started-at="2022-11-30T23:04:57 IST" name="CloseApp" finished-at="2022-11-30T23:04:57 IST" duration-ms="1" status="PASS">
          <reporter-output>
          </reporter-output>
        </test-method> <!-- CloseApp -->
      </class> <!-- test_Scripts.SigninWith_FB -->
      <class name="test_Scripts.Ebay_Register_Personal_Acc">
        <test-method is-config="true" signature="beforeSuit()[pri:0, instance:test_Scripts.Ebay_Register_Personal_Acc@5a56cdac]" started-at="2022-11-30T23:04:14 IST" name="beforeSuit" finished-at="2022-11-30T23:04:14 IST" duration-ms="175" status="PASS">
          <reporter-output>
          </reporter-output>
        </test-method> <!-- beforeSuit -->
        <test-method is-config="true" signature="browserSetup()[pri:0, instance:test_Scripts.Ebay_Register_Personal_Acc@5a56cdac]" started-at="2022-11-30T23:04:14 IST" name="browserSetup" finished-at="2022-11-30T23:04:18 IST" duration-ms="4136" status="PASS">
          <reporter-output>
            <line>
              <![CDATA[Browser window is maximized successfully]]>
            </line>
          </reporter-output>
        </test-method> <!-- browserSetup -->
        <test-method signature="testScript1([Ljava.lang.String;)[pri:0, instance:test_Scripts.Ebay_Register_Personal_Acc@5a56cdac]" started-at="2022-11-30T23:04:19 IST" name="testScript1" data-provider="testData" finished-at="2022-11-30T23:04:23 IST" duration-ms="4252" status="PASS">
          <params>
            <param index="0">
              <value>
                <![CDATA[[Ljava.lang.String;@53c99b09]]>
              </value>
            </param>
          </params>
          <reporter-output>
          </reporter-output>
        </test-method> <!-- testScript1 -->
        <test-method is-config="true" signature="CloseApp()[pri:0, instance:test_Scripts.Ebay_Register_Personal_Acc@5a56cdac]" started-at="2022-11-30T23:04:23 IST" name="CloseApp" finished-at="2022-11-30T23:04:23 IST" duration-ms="0" status="PASS">
          <reporter-output>
          </reporter-output>
        </test-method> <!-- CloseApp -->
        <test-method is-config="true" signature="afterSuite()[pri:0, instance:test_Scripts.Ebay_Register_Personal_Acc@5a56cdac]" started-at="2022-11-30T23:05:22 IST" name="afterSuite" finished-at="2022-11-30T23:05:23 IST" duration-ms="622" status="PASS">
          <reporter-output>
          </reporter-output>
        </test-method> <!-- afterSuite -->
      </class> <!-- test_Scripts.Ebay_Register_Personal_Acc -->
    </test> <!-- Test -->
  </suite> <!-- Suite -->
</testng-results>
